INFO:werkzeug:[31m[1mWARNING: This is a development server. Do not use it in a production deployment. Use a production WSGI server instead.[0m
 * Running on http://127.0.0.1:5000
INFO:werkzeug:[33mPress CTRL+C to quit[0m
INFO:werkzeug: * Restarting with stat
WARNING:werkzeug: * Debugger is active!
INFO:werkzeug: * Debugger PIN: 143-513-480
INFO:werkzeug:127.0.0.1 - - [27/Aug/2024 20:56:52] "OPTIONS /api/patients HTTP/1.1" 200 -
INFO:werkzeug:127.0.0.1 - - [27/Aug/2024 20:56:54] "[35m[1mPOST /api/patients HTTP/1.1[0m" 201 -
INFO:werkzeug: * Detected change in '/home/x/dipar/back/api.py', reloading
INFO:werkzeug: * Restarting with stat
WARNING:werkzeug: * Debugger is active!
INFO:werkzeug: * Debugger PIN: 143-513-480
INFO:werkzeug: * Detected change in '/home/x/dipar/back/api.py', reloading
INFO:werkzeug: * Restarting with stat
WARNING:werkzeug: * Debugger is active!
INFO:werkzeug: * Debugger PIN: 143-513-480
INFO:werkzeug: * Detected change in '/home/x/dipar/back/api.py', reloading
INFO:werkzeug: * Restarting with stat
WARNING:werkzeug: * Debugger is active!
INFO:werkzeug: * Debugger PIN: 143-513-480
INFO:werkzeug: * Detected change in '/home/x/dipar/back/api.py', reloading
INFO:werkzeug: * Restarting with stat
WARNING:werkzeug: * Debugger is active!
INFO:werkzeug: * Debugger PIN: 143-513-480
INFO:werkzeug: * Detected change in '/home/x/dipar/back/api.py', reloading
INFO:werkzeug: * Restarting with stat
WARNING:werkzeug: * Debugger is active!
INFO:werkzeug: * Debugger PIN: 143-513-480
INFO:werkzeug: * Detected change in '/home/x/dipar/back/api.py', reloading
INFO:werkzeug: * Restarting with stat
INFO:werkzeug:[31m[1mWARNING: This is a development server. Do not use it in a production deployment. Use a production WSGI server instead.[0m
 * Running on http://127.0.0.1:5000
INFO:werkzeug:[33mPress CTRL+C to quit[0m
INFO:werkzeug: * Restarting with stat
WARNING:werkzeug: * Debugger is active!
INFO:werkzeug: * Debugger PIN: 143-513-480
INFO:werkzeug:127.0.0.1 - - [27/Aug/2024 21:32:09] "OPTIONS /api/appointments HTTP/1.1" 200 -
INFO:werkzeug:127.0.0.1 - - [27/Aug/2024 21:32:10] "[35m[1mPOST /api/appointments HTTP/1.1[0m" 201 -
